java.lang.IllegalArgumentException: Invalid port: -1
	at burp.p1.buildHttpService(Unknown Source)
	at burp.p1.buildHttpService(Unknown Source)
	at burp.wu.buildHttpService(Unknown Source)
	at burp.util.HTTPUtils.makeGetRequest(HTTPUtils.java:35)
	at burp.BurpExtender$2.run(BurpExtender.java:154)
	at java.base/java.util.concurrent.Executors$RunnableAdapter.call(Executors.java:515)
	at java.base/java.util.concurrent.FutureTask.run(FutureTask.java:264)
	at java.base/java.util.concurrent.ThreadPoolExecutor.runWorker(ThreadPoolExecutor.java:1128)
	at java.base/java.util.concurrent.ThreadPoolExecutor$Worker.run(ThreadPoolExecutor.java:628)
	at java.base/java.lang.Thread.run(Thread.java:834)
Fail to trustAllCertificates: class burp.aap cannot be cast to class [B (burp.aap is in unnamed module of loader 'app'; [B is in module java.base of loader 'bootstrap')
Fail to trustAllCertificates: class burp.aap cannot be cast to class [B (burp.aap is in unnamed module of loader 'app'; [B is in module java.base of loader 'bootstrap')
Fail to trustAllCertificates: class burp.aap cannot be cast to class [B (burp.aap is in unnamed module of loader 'app'; [B is in module java.base of loader 'bootstrap')
java.lang.RuntimeException: debug.baidu-int.com
	at burp.bn0.makeHttpRequest(Unknown Source)
	at burp.hlr.makeHttpRequest(Unknown Source)
	at burp.h2y.makeHttpRequest(Unknown Source)
	at burp.util.HTTPUtils.makeGetRequest(HTTPUtils.java:51)
	at burp.BurpExtender$2.run(BurpExtender.java:154)
	at java.base/java.util.concurrent.Executors$RunnableAdapter.call(Executors.java:515)
	at java.base/java.util.concurrent.FutureTask.run(FutureTask.java:264)
	at java.base/java.util.concurrent.ThreadPoolExecutor.runWorker(ThreadPoolExecutor.java:1128)
	at java.base/java.util.concurrent.ThreadPoolExecutor$Worker.run(ThreadPoolExecutor.java:628)
	at java.base/java.lang.Thread.run(Thread.java:834)
