[+] Finger Print is loaded
[+] #####################################
[+] Finger Print vv2024-03
[+] anthor: Shaun
[+] ####################################
[+] Please enjoy it!
[+] Successfully loaded the configuration file finger.json
2024/03/09 21:05:39: 当前还有0 个任务等待运行
[+] 进入网页提取URL页面： http://192.168.70.128:8080/index.php
 URL result: [http://oa.tongda.com:8080/123123]
[+]指纹识别开始： {http://oa.tongda.com:8080/123123={responseRequest=burp.aap@12e0f5dd, method=GET, isFindUrl=true}, http://192.168.70.128:8080/index.php={responseRequest=burp.aap@1f268e06, method=GET, isFindUrl=false}}
返回结果为空: http://oa.tongda.com:8080/123123
[+] Finger Print is loaded
[+] #####################################
[+] Finger Print vv2024-03
[+] anthor: Shaun
[+] ####################################
[+] Please enjoy it!
[+] Successfully loaded the configuration file finger.json
2024/03/09 21:08:04: 当前还有0 个任务等待运行
[+] 进入网页提取URL页面： http://192.168.70.128:8080/index.php
 URL result: [http://oa.tongda.com:8080/123123]
[+]指纹识别开始： {http://oa.tongda.com:8080/123123={responseRequest=burp.aap@1dff1223, method=GET, isFindUrl=true}, http://192.168.70.128:8080/index.php={responseRequest=burp.aap@60e64908, method=GET, isFindUrl=false}}
返回结果为空: http://oa.tongda.com:8080/123123
{result=PHP, resultDetail=Time: 2024/03/09 21:08:05
Url:http://192.168.70.128:8080/index.php
指纹详细信息如下：
cms: PHP
method: keyword
location: header
keyword: [PHP/], title=-, status=200}
[END]指纹识别结束: {http://oa.tongda.com:8080/123123={responseRequest=burp.aap@1dff1223, method=GET, isFindUrl=true}, http://192.168.70.128:8080/index.php={responseRequest=burp.aap@60e64908, method=GET, isFindUrl=false}}
